<?xml version="1.0" encoding="UTF-8"?>
<!-- Generated by org.testng.reporters.JUnitReportReporter -->
<testsuite hostname="MU00106234X" failures="0" tests="1" name="Test.HomePageUI" time="4.850" errors="0" timestamp="2025-07-30T15:11:11 AEST" skipped="0">
  <testcase classname="Test.HomePageUI" name="vrfyHomePageUI" time="4.850"/>
</testsuite> <!-- Test.HomePageUI -->
